<?xml version="1.0" encoding="UTF-8"?>
<testng-results skipped="0" failed="0" total="2" passed="2">
  <reporter-output>
  </reporter-output>
  <suite name="Surefire suite" duration-ms="35" started-at="2021-07-07T09:58:33Z" finished-at="2021-07-07T09:58:34Z">
    <groups>
    </groups>
    <test name="Surefire test" duration-ms="35" started-at="2021-07-07T09:58:33Z" finished-at="2021-07-07T09:58:34Z">
      <class name="com.selenium.GoogleTest">
        <test-method status="PASS" signature="googletest()[pri:0, instance:com.selenium.GoogleTest@2c6a3f77]" name="googletest" duration-ms="10" started-at="2021-07-07T15:28:33Z" finished-at="2021-07-07T15:28:34Z">
          <reporter-output>
          </reporter-output>
        </test-method> <!-- googletest -->
      </class> <!-- com.selenium.GoogleTest -->
      <class name="com.selenium.YahooTest">
        <test-method status="PASS" signature="yahootest()[pri:0, instance:com.selenium.YahooTest@90f6bfd]" name="yahootest" duration-ms="0" started-at="2021-07-07T15:28:34Z" finished-at="2021-07-07T15:28:34Z">
          <reporter-output>
          </reporter-output>
        </test-method> <!-- yahootest -->
      </class> <!-- com.selenium.YahooTest -->
    </test> <!-- Surefire test -->
  </suite> <!-- Surefire suite -->
</testng-results>
